src/pages/Docs.tsx(1,1): error TS1127: Invalid character.
src/pages/Docs.tsx(1,3): error TS1005: ';' expected.
src/pages/Docs.tsx(1,14): error TS1435: Unknown keyword or identifier. Did you mean 'export'?
src/pages/Docs.tsx(3,1): error TS1434: Unexpected keyword or identifier.
src/pages/Docs.tsx(3,9): error TS1434: Unexpected keyword or identifier.
src/pages/Docs.tsx(3,12): error TS1434: Unexpected keyword or identifier.
src/pages/Docs.tsx(3,17): error TS1434: Unexpected keyword or identifier.
src/pages/Docs.tsx(3,35): error TS1005: ';' expected.
src/pages/Docs.tsx(3,44): error TS1005: ';' expected.
src/pages/Docs.tsx(3,49): error TS1434: Unexpected keyword or identifier.
src/pages/Docs.tsx(3,55): error TS1434: Unexpected keyword or identifier.
src/pages/Docs.tsx(3,60): error TS1434: Unexpected keyword or identifier.
src/pages/Docs.tsx(3,65): error TS1434: Unexpected keyword or identifier.
src/pages/Docs.tsx(3,69): error TS1434: Unexpected keyword or identifier.
src/pages/Docs.tsx(3,80): error TS1434: Unexpected keyword or identifier.
src/pages/Docs.tsx(3,84): error TS1434: Unexpected keyword or identifier.
src/pages/Docs.tsx(3,94): error TS1434: Unexpected keyword or identifier.
src/pages/Docs.tsx(3,97): error TS1434: Unexpected keyword or identifier.
src/pages/Docs.tsx(3,101): error TS1434: Unexpected keyword or identifier.
src/pages/Docs.tsx(3,106): error TS1435: Unknown keyword or identifier. Did you mean 'export'?
src/pages/Docs.tsx(3,115): error TS1434: Unexpected keyword or identifier.
src/pages/Docs.tsx(3,131): error TS1003: Identifier expected.
src/pages/Docs.tsx(5,1): error TS1127: Invalid character.
src/pages/Docs.tsx(5,2): error TS1127: Invalid character.
src/pages/Docs.tsx(5,4): error TS1005: ';' expected.
src/pages/Docs.tsx(18,1): error TS1127: Invalid character.
src/pages/Docs.tsx(18,2): error TS1127: Invalid character.
src/pages/Docs.tsx(18,4): error TS1005: ';' expected.
src/pages/Docs.tsx(18,8): error TS1434: Unexpected keyword or identifier.
src/pages/Docs.tsx(20,15): error TS1005: ';' expected.
src/pages/Docs.tsx(20,24): error TS1109: Expression expected.
src/pages/Docs.tsx(20,26): error TS1434: Unexpected keyword or identifier.
src/pages/Docs.tsx(20,32): error TS1434: Unexpected keyword or identifier.
src/pages/Docs.tsx(20,36): error TS1435: Unknown keyword or identifier. Did you mean 'export'?
src/pages/Docs.tsx(20,45): error TS1434: Unexpected keyword or identifier.
src/pages/Docs.tsx(20,52): error TS1434: Unexpected keyword or identifier.
src/pages/Docs.tsx(20,55): error TS1434: Unexpected keyword or identifier.
src/pages/Docs.tsx(20,60): error TS1434: Unexpected keyword or identifier.
src/pages/Docs.tsx(21,1): error TS1003: Identifier expected.
src/pages/Docs.tsx(21,15): error TS1005: ';' expected.
src/pages/Docs.tsx(21,29): error TS1109: Expression expected.
src/pages/Docs.tsx(25,11): error TS1005: ';' expected.
src/pages/Docs.tsx(25,31): error TS1109: Expression expected.
src/pages/Docs.tsx(30,1): error TS1127: Invalid character.
src/pages/Docs.tsx(30,2): error TS1127: Invalid character.
src/pages/Docs.tsx(30,4): error TS1005: ';' expected.
src/pages/Docs.tsx(32,1): error TS1435: Unknown keyword or identifier. Did you mean 'never'?
src/pages/Docs.tsx(32,7): error TS1434: Unexpected keyword or identifier.
src/pages/Docs.tsx(32,17): error TS1435: Unknown keyword or identifier. Did you mean 'export'?
src/pages/Docs.tsx(32,37): error TS1005: ';' expected.
src/pages/Docs.tsx(32,50): error TS1109: Expression expected.
src/pages/Docs.tsx(32,56): error TS1005: ';' expected.
src/pages/Docs.tsx(32,60): error TS1434: Unexpected keyword or identifier.
src/pages/Docs.tsx(32,65): error TS1434: Unexpected keyword or identifier.
src/pages/Docs.tsx(32,91): error TS1005: ';' expected.
src/pages/Docs.tsx(32,95): error TS1434: Unexpected keyword or identifier.
src/pages/Docs.tsx(32,102): error TS1434: Unexpected keyword or identifier.
src/pages/Docs.tsx(32,106): error TS1434: Unexpected keyword or identifier.
src/pages/Docs.tsx(32,115): error TS1435: Unknown keyword or identifier. Did you mean 'class'?
src/pages/Docs.tsx(32,123): error TS1434: Unexpected keyword or identifier.
src/pages/Docs.tsx(32,126): error TS1434: Unexpected keyword or identifier.
src/pages/Docs.tsx(32,132): error TS1434: Unexpected keyword or identifier.
src/pages/Docs.tsx(32,154): error TS1005: ';' expected.
src/pages/Docs.tsx(32,158): error TS1434: Unexpected keyword or identifier.
src/pages/Docs.tsx(32,161): error TS1434: Unexpected keyword or identifier.
src/pages/Docs.tsx(32,170): error TS1434: Unexpected keyword or identifier.
src/pages/Docs.tsx(32,174): error TS1434: Unexpected keyword or identifier.
src/pages/Docs.tsx(32,187): error TS1434: Unexpected keyword or identifier.
src/pages/Docs.tsx(32,193): error TS1434: Unexpected keyword or identifier.
src/pages/Docs.tsx(32,198): error TS1434: Unexpected keyword or identifier.
src/pages/Docs.tsx(32,211): error TS1003: Identifier expected.
src/pages/Docs.tsx(34,1): error TS1127: Invalid character.
src/pages/Docs.tsx(34,2): error TS1127: Invalid character.
src/pages/Docs.tsx(34,4): error TS1005: ';' expected.
src/pages/Docs.tsx(36,1): error TS1434: Unexpected keyword or identifier.
src/pages/Docs.tsx(36,4): error TS1434: Unexpected keyword or identifier.
src/pages/Docs.tsx(36,11): error TS1434: Unexpected keyword or identifier.
src/pages/Docs.tsx(36,24): error TS1005: ';' expected.
src/pages/Docs.tsx(37,5): error TS1005: ';' expected.
src/pages/Docs.tsx(37,10): error TS1434: Unexpected keyword or identifier.
src/pages/Docs.tsx(37,14): error TS1434: Unexpected keyword or identifier.
src/pages/Docs.tsx(37,19): error TS1434: Unexpected keyword or identifier.
src/pages/Docs.tsx(37,22): error TS1434: Unexpected keyword or identifier.
src/pages/Docs.tsx(37,24): error TS1434: Unexpected keyword or identifier.
src/pages/Docs.tsx(38,1): error TS1003: Identifier expected.
src/pages/Docs.tsx(38,5): error TS1005: ';' expected.
src/pages/Docs.tsx(38,13): error TS1434: Unexpected keyword or identifier.
src/pages/Docs.tsx(38,17): error TS1434: Unexpected keyword or identifier.
src/pages/Docs.tsx(38,56): error TS1109: Expression expected.
src/pages/Docs.tsx(39,1): error TS1003: Identifier expected.
src/pages/Docs.tsx(39,5): error TS1005: ';' expected.
src/pages/Docs.tsx(39,9): error TS1434: Unexpected keyword or identifier.
src/pages/Docs.tsx(39,18): error TS1434: Unexpected keyword or identifier.
src/pages/Docs.tsx(39,23): error TS1434: Unexpected keyword or identifier.
src/pages/Docs.tsx(39,37): error TS1434: Unexpected keyword or identifier.
src/pages/Docs.tsx(39,44): error TS1434: Unexpected keyword or identifier.
src/pages/Docs.tsx(39,56): error TS1005: ';' expected.
src/pages/Docs.tsx(39,64): error TS1434: Unexpected keyword or identifier.
src/pages/Docs.tsx(39,68): error TS1434: Unexpected keyword or identifier.
src/pages/Docs.tsx(41,1): error TS1003: Identifier expected.
src/pages/Docs.tsx(41,3): error TS1109: Expression expected.
src/pages/Docs.tsx(43,1): error TS1109: Expression expected.
src/pages/Docs.tsx(43,24): error TS1005: ';' expected.
src/pages/Docs.tsx(43,40): error TS1005: ';' expected.
src/pages/Docs.tsx(43,49): error TS1003: Identifier expected.
src/pages/Docs.tsx(43,50): error TS1109: Expression expected.
